0 info it worked if it ends with ok
1 verbose cli [ 'node', '/usr/local/bin/npm', 'install', 'cli-colors' ]
2 info using npm@1.4.28
3 info using node@v0.10.32
4 verbose cache add [ 'cli-colors', null ]
5 verbose cache add name=undefined spec="cli-colors" args=["cli-colors",null]
6 verbose parsed url { protocol: null,
6 verbose parsed url   slashes: null,
6 verbose parsed url   auth: null,
6 verbose parsed url   host: null,
6 verbose parsed url   port: null,
6 verbose parsed url   hostname: null,
6 verbose parsed url   hash: null,
6 verbose parsed url   search: null,
6 verbose parsed url   query: null,
6 verbose parsed url   pathname: 'cli-colors',
6 verbose parsed url   path: 'cli-colors',
6 verbose parsed url   href: 'cli-colors' }
7 silly lockFile b5040f12-cli-colors cli-colors
8 verbose lock cli-colors /Users/adrianloh/.npm/b5040f12-cli-colors.lock
9 silly lockFile b5040f12-cli-colors cli-colors
10 silly lockFile b5040f12-cli-colors cli-colors
11 verbose addNamed [ 'cli-colors', '' ]
12 verbose addNamed [ null, '*' ]
13 silly lockFile d71a1371-cli-colors cli-colors@
14 verbose lock cli-colors@ /Users/adrianloh/.npm/d71a1371-cli-colors.lock
15 silly addNameRange { name: 'cli-colors', range: '*', hasData: false }
16 verbose request where is /cli-colors
17 verbose request registry https://registry.npmjs.org/
18 verbose request id 28515cfaac63908d
19 verbose url raw /cli-colors
20 verbose url resolving [ 'https://registry.npmjs.org/', './cli-colors' ]
21 verbose url resolved https://registry.npmjs.org/cli-colors
22 verbose request where is https://registry.npmjs.org/cli-colors
23 info trying registry request attempt 1 at 22:12:30
24 http GET https://registry.npmjs.org/cli-colors
25 http 404 https://registry.npmjs.org/cli-colors
26 verbose headers { date: 'Mon, 03 Nov 2014 14:12:31 GMT',
26 verbose headers   server: 'CouchDB/1.5.0 (Erlang OTP/R16B03)',
26 verbose headers   'content-type': 'application/json',
26 verbose headers   'cache-control': 'max-age=0',
26 verbose headers   'content-length': '52',
26 verbose headers   'accept-ranges': 'bytes',
26 verbose headers   via: '1.1 varnish',
26 verbose headers   age: '0',
26 verbose headers   'x-served-by': 'cache-hk90-HKG',
26 verbose headers   'x-cache': 'MISS',
26 verbose headers   'x-cache-hits': '0',
26 verbose headers   'x-timer': 'S1415023950.274814,VS0,VE737',
26 verbose headers   'keep-alive': 'timeout=10, max=50',
26 verbose headers   connection: 'Keep-Alive' }
27 silly registry.get cb [ 404,
27 silly registry.get   { date: 'Mon, 03 Nov 2014 14:12:31 GMT',
27 silly registry.get     server: 'CouchDB/1.5.0 (Erlang OTP/R16B03)',
27 silly registry.get     'content-type': 'application/json',
27 silly registry.get     'cache-control': 'max-age=0',
27 silly registry.get     'content-length': '52',
27 silly registry.get     'accept-ranges': 'bytes',
27 silly registry.get     via: '1.1 varnish',
27 silly registry.get     age: '0',
27 silly registry.get     'x-served-by': 'cache-hk90-HKG',
27 silly registry.get     'x-cache': 'MISS',
27 silly registry.get     'x-cache-hits': '0',
27 silly registry.get     'x-timer': 'S1415023950.274814,VS0,VE737',
27 silly registry.get     'keep-alive': 'timeout=10, max=50',
27 silly registry.get     connection: 'Keep-Alive' } ]
28 silly lockFile d71a1371-cli-colors cli-colors@
29 silly lockFile d71a1371-cli-colors cli-colors@
30 error 404 404 Not Found: cli-colors
30 error 404
30 error 404 'cli-colors' is not in the npm registry.
30 error 404 You should bug the author to publish it
30 error 404
30 error 404 Note that you can also install from a
30 error 404 tarball, folder, or http url, or git url.
31 error System Darwin 14.0.0
32 error command "node" "/usr/local/bin/npm" "install" "cli-colors"
33 error cwd /Users/adrianloh/Desktop/governator
34 error node -v v0.10.32
35 error npm -v 1.4.28
36 error code E404
37 verbose exit [ 1, true ]
